[19-Jul-2024 20:39:00 UTC] PHP Notice:  session_start(): Ignoring session_start() because a session is already active in /home/runner/movie-project/app/core/App.php on line 10
[19-Jul-2024 20:39:03 UTC] PHP Notice:  session_start(): Ignoring session_start() because a session is already active in /home/runner/movie-project/app/core/App.php on line 10
[19-Jul-2024 20:39:04 UTC] PHP Notice:  session_start(): Ignoring session_start() because a session is already active in /home/runner/movie-project/app/core/App.php on line 10
[19-Jul-2024 20:39:05 UTC] PHP Notice:  session_start(): Ignoring session_start() because a session is already active in /home/runner/movie-project/app/core/App.php on line 10
[19-Jul-2024 20:39:09 UTC] PHP Notice:  session_start(): Ignoring session_start() because a session is already active in /home/runner/movie-project/app/core/App.php on line 10
[19-Jul-2024 20:41:56 UTC] PHP Notice:  session_start(): Ignoring session_start() because a session is already active in /home/runner/movie-project/app/core/App.php on line 10
[19-Jul-2024 20:42:02 UTC] PHP Notice:  session_start(): Ignoring session_start() because a session is already active in /home/runner/movie-project/app/core/App.php on line 10
[19-Jul-2024 20:42:02 UTC] Session user_id: not set
[19-Jul-2024 20:46:34 UTC] PHP Notice:  session_start(): Ignoring session_start() because a session is already active in /home/runner/movie-project/app/core/App.php on line 10
[19-Jul-2024 20:46:37 UTC] PHP Notice:  session_start(): Ignoring session_start() because a session is already active in /home/runner/movie-project/app/core/App.php on line 10
[19-Jul-2024 20:46:37 UTC] Session user_id: not set
[19-Jul-2024 20:46:40 UTC] PHP Notice:  session_start(): Ignoring session_start() because a session is already active in /home/runner/movie-project/app/core/App.php on line 10
[19-Jul-2024 20:46:47 UTC] Session user_id: not set
[19-Jul-2024 20:46:52 UTC] PHP Notice:  session_start(): Ignoring session_start() because a session is already active in /home/runner/movie-project/app/core/App.php on line 10
[19-Jul-2024 20:46:52 UTC] Session user_id: not set
[19-Jul-2024 20:46:59 UTC] PHP Notice:  session_start(): Ignoring session_start() because a session is already active in /home/runner/movie-project/app/core/App.php on line 10
[19-Jul-2024 20:47:01 UTC] PHP Notice:  session_start(): Ignoring session_start() because a session is already active in /home/runner/movie-project/app/core/App.php on line 10
[19-Jul-2024 20:47:47 UTC] PHP Notice:  session_start(): Ignoring session_start() because a session is already active in /home/runner/movie-project/app/core/App.php on line 10
[19-Jul-2024 20:47:47 UTC] Session user_id: not set
[19-Jul-2024 20:50:41 UTC] PHP Notice:  session_start(): Ignoring session_start() because a session is already active in /home/runner/movie-project/app/core/App.php on line 10
[19-Jul-2024 20:50:43 UTC] PHP Notice:  session_start(): Ignoring session_start() because a session is already active in /home/runner/movie-project/app/core/App.php on line 10
[19-Jul-2024 20:50:43 UTC] Session user_id: not set
[19-Jul-2024 20:50:58 UTC] PHP Notice:  session_start(): Ignoring session_start() because a session is already active in /home/runner/movie-project/app/core/App.php on line 10
[19-Jul-2024 20:51:00 UTC] PHP Notice:  session_start(): Ignoring session_start() because a session is already active in /home/runner/movie-project/app/core/App.php on line 10
[19-Jul-2024 20:51:07 UTC] PHP Notice:  session_start(): Ignoring session_start() because a session is already active in /home/runner/movie-project/app/core/App.php on line 10
[19-Jul-2024 20:51:08 UTC] PHP Notice:  session_start(): Ignoring session_start() because a session is already active in /home/runner/movie-project/app/core/App.php on line 10
[19-Jul-2024 20:51:11 UTC] PHP Notice:  session_start(): Ignoring session_start() because a session is already active in /home/runner/movie-project/app/core/App.php on line 10
[19-Jul-2024 20:51:11 UTC] PHP Notice:  session_start(): Ignoring session_start() because a session is already active in /home/runner/movie-project/app/core/App.php on line 10
[19-Jul-2024 20:51:13 UTC] PHP Notice:  session_start(): Ignoring session_start() because a session is already active in /home/runner/movie-project/app/core/App.php on line 10
[19-Jul-2024 20:51:16 UTC] PHP Notice:  session_start(): Ignoring session_start() because a session is already active in /home/runner/movie-project/app/core/App.php on line 10
[19-Jul-2024 20:51:22 UTC] PHP Notice:  session_start(): Ignoring session_start() because a session is already active in /home/runner/movie-project/app/core/App.php on line 10
[19-Jul-2024 20:51:22 UTC] Session user_id: 5
[19-Jul-2024 20:51:29 UTC] PHP Notice:  session_start(): Ignoring session_start() because a session is already active in /home/runner/movie-project/app/core/App.php on line 10
[19-Jul-2024 20:51:37 UTC] Session user_id: 5
[19-Jul-2024 20:58:22 UTC] PHP Notice:  session_start(): Ignoring session_start() because a session is already active in /home/runner/movie-project/app/core/App.php on line 10
[19-Jul-2024 20:58:25 UTC] PHP Notice:  session_start(): Ignoring session_start() because a session is already active in /home/runner/movie-project/app/core/App.php on line 10
[19-Jul-2024 20:58:32 UTC] Session user_id: 5
[19-Jul-2024 21:00:24 UTC] PHP Notice:  session_start(): Ignoring session_start() because a session is already active in /home/runner/movie-project/app/core/App.php on line 10
[19-Jul-2024 21:00:27 UTC] PHP Notice:  session_start(): Ignoring session_start() because a session is already active in /home/runner/movie-project/app/core/App.php on line 10
[19-Jul-2024 21:00:35 UTC] Session user_id: 5
[19-Jul-2024 21:01:00 UTC] PHP Notice:  session_start(): Ignoring session_start() because a session is already active in /home/runner/movie-project/app/core/App.php on line 10
[19-Jul-2024 21:01:03 UTC] PHP Notice:  session_start(): Ignoring session_start() because a session is already active in /home/runner/movie-project/app/core/App.php on line 10
[19-Jul-2024 21:01:11 UTC] Session user_id: 5
[19-Jul-2024 21:04:29 UTC] PHP Notice:  session_start(): Ignoring session_start() because a session is already active in /home/runner/movie-project/app/core/App.php on line 10
[19-Jul-2024 21:04:33 UTC] PHP Notice:  session_start(): Ignoring session_start() because a session is already active in /home/runner/movie-project/app/core/App.php on line 10
[19-Jul-2024 21:04:41 UTC] Session user_id: 5
[19-Jul-2024 21:04:41 UTC] PHP Fatal error:  Uncaught Error: Call to undefined function formatReview() in /home/runner/movie-project/app/views/movie/results.php:125
Stack trace:
#0 /home/runner/movie-project/app/core/Controller.php(12): require_once()
#1 /home/runner/movie-project/app/controllers/movie.php(106): Controller->view('movie/results', Array)
#2 /home/runner/movie-project/app/core/App.php(58): Movie->review()
#3 /home/runner/movie-project/index.php(9): App->__construct()
#4 {main}
  thrown in /home/runner/movie-project/app/views/movie/results.php on line 125
[19-Jul-2024 21:05:08 UTC] PHP Notice:  session_start(): Ignoring session_start() because a session is already active in /home/runner/movie-project/app/core/App.php on line 10
[19-Jul-2024 21:05:11 UTC] PHP Notice:  session_start(): Ignoring session_start() because a session is already active in /home/runner/movie-project/app/core/App.php on line 10
[19-Jul-2024 21:05:18 UTC] Session user_id: 5
[19-Jul-2024 21:05:52 UTC] PHP Notice:  session_start(): Ignoring session_start() because a session is already active in /home/runner/movie-project/app/core/App.php on line 10
[19-Jul-2024 21:05:53 UTC] PHP Notice:  session_start(): Ignoring session_start() because a session is already active in /home/runner/movie-project/app/core/App.php on line 10
[19-Jul-2024 21:05:56 UTC] PHP Notice:  session_start(): Ignoring session_start() because a session is already active in /home/runner/movie-project/app/core/App.php on line 10
[19-Jul-2024 21:06:02 UTC] PHP Notice:  session_start(): Ignoring session_start() because a session is already active in /home/runner/movie-project/app/core/App.php on line 10
[19-Jul-2024 21:06:02 UTC] Session user_id: 5
[19-Jul-2024 21:06:12 UTC] PHP Notice:  session_start(): Ignoring session_start() because a session is already active in /home/runner/movie-project/app/core/App.php on line 10
[19-Jul-2024 21:06:19 UTC] Session user_id: 5
[19-Jul-2024 21:08:16 UTC] PHP Notice:  session_start(): Ignoring session_start() because a session is already active in /home/runner/movie-project/app/core/App.php on line 10
[19-Jul-2024 21:08:19 UTC] PHP Notice:  session_start(): Ignoring session_start() because a session is already active in /home/runner/movie-project/app/core/App.php on line 10
[19-Jul-2024 21:08:26 UTC] Session user_id: 5
